Trial 1
583 598 134 554
Step 1
    Concealment,Detected
	0.0896,1
Step 2
    Concealment,Detected
	0.1339,1
Step 3
    Concealment,Detected
	0.1273,1
Step 4
    Concealment,Detected
	0.1359,1
583 482 867 554
Step 1
    Concealment,Detected
	0.1298,1
Step 2
    Concealment,Detected
	0.2343,0
Step 3
    Concealment,Detected
	0.1303,1
Step 4
    Concealment,Detected
	0.0881,1
134 598 521 766 482 554
Step 1
    Concealment,Detected
	0.0913,1
Step 2
    Concealment,Detected
	0.1936,0
Step 3
    Concealment,Detected
	0.2367,0
Step 4
    Concealment,Detected
	0.2213,0
Step 5
    Concealment,Detected
	0.2003,0
Step 6
    Concealment,Detected
	0.2499,0
867 482 598 553 521 583
Step 1
    Concealment,Detected
	0.0056,1
Step 2
    Concealment,Detected
	0.2525,0
Step 3
    Concealment,Detected
	0.1428,0
Step 4
    Concealment,Detected
	0.2188,0
Step 5
    Concealment,Detected
	0.1957,0
Step 6
    Concealment,Detected
	0.2870,0
553 554 521 583 482 598 134 766
Step 1
    Concealment,Detected
	0.1559,1
Step 2
    Concealment,Detected
	0.2310,0
Step 3
    Concealment,Detected
	0.2574,0
Step 4
    Concealment,Detected
	0.2212,0
Step 5
    Concealment,Detected
	0.2597,0
Step 6
    Concealment,Detected
	0.2254,0
Step 7
    Concealment,Detected
	0.2666,0
Step 8
    Concealment,Detected
	0.3344,0
766 554 553 867 134 521 598 482
Step 1
    Concealment,Detected
	0.1662,1
Step 2
    Concealment,Detected
	0.1718,1
Step 3
    Concealment,Detected
	0.1646,1
Step 4
    Concealment,Detected
	0.1610,1
Step 5
    Concealment,Detected
	0.2579,0
Step 6
    Concealment,Detected
	0.2899,0
Step 7
    Concealment,Detected
	0.2715,0
Step 8
    Concealment,Detected
	0.3730,0
Trial 2
583 598 134 554
Step 1
    Concealment,Detected
	0.0708,1
Step 2
    Concealment,Detected
	0.0901,1
Step 3
    Concealment,Detected
	0.1645,1
Step 4
    Concealment,Detected
	0.1370,1
583 482 867 554
Step 1
    Concealment,Detected
	0.0667,1
Step 2
    Concealment,Detected
	0.0764,1
Step 3
    Concealment,Detected
	0.2977,0
Step 4
    Concealment,Detected
	0.0667,1
134 598 521 766 482 554
Step 1
    Concealment,Detected
	0.2673,0
Step 2
    Concealment,Detected
	0.2947,0
Step 3
    Concealment,Detected
	0.1999,0
Step 4
    Concealment,Detected
	0.3069,0
Step 5
    Concealment,Detected
	0.2800,0
Step 6
    Concealment,Detected
	0.2086,0
867 482 598 553 521 583
Step 1
    Concealment,Detected
	0.1719,0
Step 2
    Concealment,Detected
	0.1947,0
Step 3
    Concealment,Detected
	0.2346,0
Step 4
    Concealment,Detected
	0.2040,0
Step 5
    Concealment,Detected
	0.2261,0
Step 6
    Concealment,Detected
	0.1901,0
553 554 521 583 482 598 134 766
Step 1
    Concealment,Detected
	0.1929,0
Step 2
    Concealment,Detected
	0.2186,0
Step 3
    Concealment,Detected
	0.1953,0
Step 4
    Concealment,Detected
	0.2715,0
Step 5
    Concealment,Detected
	0.2572,0
Step 6
    Concealment,Detected
	0.2595,0
Step 7
    Concealment,Detected
	0.2802,0
Step 8
    Concealment,Detected
	0.4162,0
766 554 553 867 134 521 598 482
Step 1
    Concealment,Detected
	0.0700,1
Step 2
    Concealment,Detected
	0.2610,0
Step 3
    Concealment,Detected
	0.1848,0
Step 4
    Concealment,Detected
	0.1505,0
Step 5
    Concealment,Detected
	0.2242,0
Step 6
    Concealment,Detected
	0.3607,0
Step 7
    Concealment,Detected
	0.2894,0
Step 8
    Concealment,Detected
	0.3396,0
Trial 3
583 598 134 554
Step 1
    Concealment,Detected
	0.0642,1
Step 2
    Concealment,Detected
	0.1685,1
Step 3
    Concealment,Detected
	0.1685,1
Step 4
    Concealment,Detected
	0.0402,1
583 482 867 554
Step 1
    Concealment,Detected
	0.1923,0
Step 2
    Concealment,Detected
	0.0981,0
Step 3
    Concealment,Detected
	0.2041,0
Step 4
    Concealment,Detected
	0.1253,1
134 598 521 766 482 554
Step 1
    Concealment,Detected
	0.0020,1
Step 2
    Concealment,Detected
	0.1443,0
Step 3
    Concealment,Detected
	0.2601,0
Step 4
    Concealment,Detected
	0.1948,0
Step 5
    Concealment,Detected
	0.2168,0
Step 6
    Concealment,Detected
	0.2254,0
867 482 598 553 521 583
Step 1
    Concealment,Detected
	0.2652,0
Step 2
    Concealment,Detected
	0.2062,0
Step 3
    Concealment,Detected
	0.1993,0
Step 4
    Concealment,Detected
	0.2265,0
Step 5
    Concealment,Detected
	0.1411,0
Step 6
    Concealment,Detected
	0.3156,0
553 554 521 583 482 598 134 766
Step 1
    Concealment,Detected
	0.2139,0
Step 2
    Concealment,Detected
	0.2242,0
Step 3
    Concealment,Detected
	0.3124,0
Step 4
    Concealment,Detected
	0.1327,0
Step 5
    Concealment,Detected
	0.3069,0
Step 6
    Concealment,Detected
	0.3104,0
Step 7
    Concealment,Detected
	0.2601,0
Step 8
    Concealment,Detected
	0.2876,0
766 554 553 867 134 521 598 482
Step 1
    Concealment,Detected
	0.2212,0
Step 2
    Concealment,Detected
	0.2268,0
Step 3
    Concealment,Detected
	0.2437,0
Step 4
    Concealment,Detected
	0.1600,1
Step 5
    Concealment,Detected
	0.3047,0
Step 6
    Concealment,Detected
	0.2733,0
Step 7
    Concealment,Detected
	0.3436,0
Step 8
    Concealment,Detected
	0.2247,0
Trial 4
583 598 134 554
Step 1
    Concealment,Detected
	0.1665,1
Step 2
    Concealment,Detected
	0.2093,0
Step 3
    Concealment,Detected
	0.1413,0
Step 4
    Concealment,Detected
	0.2863,0
583 482 867 554
Step 1
    Concealment,Detected
	0.0988,1
Step 2
    Concealment,Detected
	0.3107,0
Step 3
    Concealment,Detected
	0.0650,0
Step 4
    Concealment,Detected
	0.2911,0
134 598 521 766 482 554
Step 1
    Concealment,Detected
	0.1186,0
Step 2
    Concealment,Detected
	0.2326,0
Step 3
    Concealment,Detected
	0.2239,0
Step 4
    Concealment,Detected
	0.1633,1
Step 5
    Concealment,Detected
	0.2707,0
Step 6
    Concealment,Detected
	0.2402,0
867 482 598 553 521 583
Step 1
    Concealment,Detected
	0.1255,1
Step 2
    Concealment,Detected
	0.1433,0
Step 3
    Concealment,Detected
	0.1987,0
Step 4
    Concealment,Detected
	0.3240,0
Step 5
    Concealment,Detected
	0.2848,0
Step 6
    Concealment,Detected
	0.3205,0
553 554 521 583 482 598 134 766
Step 1
    Concealment,Detected
	0.0350,0
Step 2
    Concealment,Detected
	0.2495,0
Step 3
    Concealment,Detected
	0.2628,0
Step 4
    Concealment,Detected
	0.1925,0
Step 5
    Concealment,Detected
	0.3357,0
Step 6
    Concealment,Detected
	0.3080,0
Step 7
    Concealment,Detected
	0.3326,0
Step 8
    Concealment,Detected
	0.2193,0
766 554 553 867 134 521 598 482
Step 1
    Concealment,Detected
	0.1858,0
Step 2
    Concealment,Detected
	0.1641,1
Step 3
    Concealment,Detected
	0.2569,0
Step 4
    Concealment,Detected
	0.2626,0
Step 5
    Concealment,Detected
	0.2679,0
Step 6
    Concealment,Detected
	0.2684,0
Step 7
    Concealment,Detected
	0.3106,0
Step 8
    Concealment,Detected
	0.2715,0
Trial 5
583 598 134 554
Step 1
    Concealment,Detected
	0.1660,1
Step 2
    Concealment,Detected
	0.1253,1
Step 3
    Concealment,Detected
	0.0652,1
Step 4
    Concealment,Detected
	0.0046,1
583 482 867 554
Step 1
    Concealment,Detected
	0.0112,1
Step 2
    Concealment,Detected
	0.0642,1
Step 3
    Concealment,Detected
	0.2404,0
Step 4
    Concealment,Detected
	0.2373,0
134 598 521 766 482 554
Step 1
    Concealment,Detected
	0.1916,0
Step 2
    Concealment,Detected
	0.2331,0
Step 3
    Concealment,Detected
	0.2460,0
Step 4
    Concealment,Detected
	0.3052,0
Step 5
    Concealment,Detected
	0.3077,0
Step 6
    Concealment,Detected
	0.2535,0
867 482 598 553 521 583
Step 1
    Concealment,Detected
	0.0719,1
Step 2
    Concealment,Detected
	0.1528,0
Step 3
    Concealment,Detected
	0.2744,0
Step 4
    Concealment,Detected
	0.2200,0
Step 5
    Concealment,Detected
	0.2142,0
Step 6
    Concealment,Detected
	0.2336,0
553 554 521 583 482 598 134 766
Step 1
    Concealment,Detected
	0.2396,0
Step 2
    Concealment,Detected
	0.3111,0
Step 3
    Concealment,Detected
	0.2293,0
Step 4
    Concealment,Detected
	0.2978,0
Step 5
    Concealment,Detected
	0.2994,0
Step 6
    Concealment,Detected
	0.3063,0
Step 7
    Concealment,Detected
	0.2282,0
Step 8
    Concealment,Detected
	0.2600,0
766 554 553 867 134 521 598 482
Step 1
    Concealment,Detected
	0.1873,0
Step 2
    Concealment,Detected
	0.3050,0
Step 3
    Concealment,Detected
	0.2743,0
Step 4
    Concealment,Detected
	0.4389,0
Step 5
    Concealment,Detected
	0.3449,0
Step 6
    Concealment,Detected
	0.3277,0
Step 7
    Concealment,Detected
	0.0261,1
Step 8
    Concealment,Detected
	0.3769,0
